<?xml version="1.0" encoding="UTF-8"?>
<testng-results skipped="0" failed="0" ignored="0" total="1" passed="1">
  <reporter-output>
  </reporter-output>
  <suite name="Suite" duration-ms="18870" started-at="2018-10-17T18:05:26Z" finished-at="2018-10-17T18:05:45Z">
    <groups>
    </groups>
    <test name="Login" duration-ms="18870" started-at="2018-10-17T18:05:26Z" finished-at="2018-10-17T18:05:45Z">
      <class name="com.testscripts.Login">
        <test-method status="PASS" signature="beforeClass(java.lang.String, java.lang.String)[pri:0, instance:com.testscripts.Login@3e6fa38a]" name="beforeClass" is-config="true" duration-ms="4865" started-at="2018-10-17T18:05:26Z" finished-at="2018-10-17T18:05:31Z">
          <params>
            <param index="0">
              <value>
                <![CDATA[chrome]]>
              </value>
            </param>
            <param index="1">
              <value>
                <![CDATA[Prod]]>
              </value>
            </param>
          </params>
          <reporter-output>
          </reporter-output>
        </test-method> <!-- beforeClass -->
        <test-method status="PASS" signature="login()[pri:0, instance:com.testscripts.Login@3e6fa38a]" name="login" duration-ms="13769" started-at="2018-10-17T18:05:31Z" description="Login to RedBus" finished-at="2018-10-17T18:05:44Z">
          <reporter-output>
          </reporter-output>
        </test-method> <!-- login -->
        <test-method status="PASS" signature="afterClass()[pri:0, instance:com.testscripts.Login@3e6fa38a]" name="afterClass" is-config="true" duration-ms="216" started-at="2018-10-17T18:05:44Z" finished-at="2018-10-17T18:05:45Z">
          <reporter-output>
          </reporter-output>
        </test-method> <!-- afterClass -->
      </class> <!-- com.testscripts.Login -->
    </test> <!-- Login -->
  </suite> <!-- Suite -->
</testng-results>
